New log file opened at Sun Feb 21 14:46:34 EST 2016 by 88683@Jilongs-MBP.home
Taking next connection to: 49573
New client attempting to connect on port: 49574-49573
  Address = /192.168.1.6:49573
This client on port 49574 has uuid 11355207-b8f2-42ff-9137-5bab938186a9 configName play-fork-run humanReadableName Play Fork Run protocolVersion 1 featureTags Vector()
Connected Clients: play-fork-run-11355207-b8f2-42ff-9137-5bab938186a9
Taking next connection to: 49573
New client attempting to connect on port: 49580-49573
  Address = /192.168.1.6:49573
Handshake exception on socket: 49580
sbt.impl.ipc.HandshakeException: Unable to perform handshake
	at sbt.impl.ipc.Peer.handshake(IPC.scala:46)
	at sbt.impl.ipc.MultiClientServer.<init>(IPC.scala:150)
	at sbt.server.SbtServerSocketHandler$$anon$1.run(SbtServerSocketHandler.scala:43)
Caused by: java.io.EOFException
	at java.io.DataInputStream.readInt(DataInputStream.java:392)
	at sbt.impl.ipc.Peer.receive(IPC.scala:95)
	at sbt.impl.ipc.Peer.handshake(IPC.scala:49)
	... 2 more
Taking next connection to: 49573
New client attempting to connect on port: 49581-49573
  Address = /192.168.1.6:49573
This client on port 49581 has uuid d97edd14-6f71-4c13-a7ee-7c208a9851d8 configName play-fork-run humanReadableName Play Fork Run protocolVersion 1 featureTags Vector()
Connected Clients: play-fork-run-d97edd14-6f71-4c13-a7ee-7c208a9851d8
Taking next connection to: 49573
Checking to see if clients are empty...
No non-daemon clients connected after 3 min. Shutting down.
Server socket thread exiting.
0 clients open, will close them...
All client sockets have been closed.
Closing the 88683@Jilongs-MBP.home logs at Sun Feb 21 14:51:23 EST 2016, goodbye.
